URI: http://localhost:1234/v1/posts
HEADERS: {"Host":["localhost"],"Content-Type":["application\/x-www-form-urlencoded"],"User-Agent":["Insomnia\/2023.5.6"],"Accept":["*\/*"],"Content-Length":["29"]}
BODY: file_name_to_be_uploaded=test


URI: http://localhost:1234/v1/posts
HEADERS: {"Host":["localhost"],"Content-Type":["application\/x-www-form-urlencoded"],"User-Agent":["Insomnia\/2023.5.6"],"Accept":["*\/*"],"Content-Length":["29"]}
BODY: file_name_to_be_uploaded=test


URI: http://localhost:1234/v1/posts
HEADERS: {"Host":["localhost"],"Content-Type":["application\/x-www-form-urlencoded"],"User-Agent":["Insomnia\/2023.5.6"],"Accept":["*\/*"],"Content-Length":["29"]}
BODY: file_name_to_be_uploaded=test


URI: http://localhost:1234/v1/posts
HEADERS: {"Host":["localhost"],"Content-Type":["application\/x-www-form-urlencoded"],"User-Agent":["Insomnia\/2023.5.6"],"Accept":["*\/*"],"Content-Length":["29"]}
BODY: file_name_to_be_uploaded=test


URI: http://localhost:1234/v1/posts
HEADERS: {"Host":["localhost"],"Content-Type":["application\/x-www-form-urlencoded"],"User-Agent":["Insomnia\/2023.5.6"],"Accept":["*\/*"],"Content-Length":["29"]}
BODY: file_name_to_be_uploaded=test


URI: http://localhost:1234/v1/posts
HEADERS: {"Host":["localhost"],"Content-Type":["application\/x-www-form-urlencoded"],"User-Agent":["Insomnia\/2023.5.6"],"Accept":["*\/*"],"Content-Length":["29"]}
BODY: file_name_to_be_uploaded=test


URI: http://localhost:1234/v1/posts
HEADERS: {"Host":["localhost"],"Content-Type":["application\/x-www-form-urlencoded"],"User-Agent":["Insomnia\/2023.5.6"],"Accept":["*\/*"],"Content-Length":["29"]}
BODY: file_name_to_be_uploaded=test


URI: http://localhost:1234/v1/posts
HEADERS: {"Host":["localhost"],"Content-Type":["application\/x-www-form-urlencoded"],"User-Agent":["Insomnia\/2023.5.6"],"Accept":["*\/*"],"Content-Length":["29"]}
BODY: file_name_to_be_uploaded=test


URI: http://localhost:1234/v1/posts
HEADERS: {"Host":["localhost"],"Content-Type":["application\/x-www-form-urlencoded"],"User-Agent":["Insomnia\/2023.5.6"],"Accept":["*\/*"],"Content-Length":["29"]}
BODY: file_name_to_be_uploaded=test


URI: http://localhost:1234/v1/posts
HEADERS: {"Host":["localhost"],"Content-Type":["application\/x-www-form-urlencoded"],"User-Agent":["Insomnia\/2023.5.6"],"Accept":["*\/*"],"Content-Length":["29"]}
BODY: file_name_to_be_uploaded=test


URI: http://localhost:1234/v1/posts
HEADERS: {"Host":["localhost"],"Content-Type":["application\/x-www-form-urlencoded"],"User-Agent":["Insomnia\/2023.5.6"],"Accept":["*\/*"],"Content-Length":["29"]}
BODY: file_name_to_be_uploaded=test


URI: http://localhost:1234/v1/posts/1234234
HEADERS: {"Host":["localhost"],"Content-Type":["application\/x-www-form-urlencoded"],"User-Agent":["Insomnia\/2023.5.6"],"Accept":["*\/*"],"Content-Length":["29"]}
BODY: file_name_to_be_uploaded=test


URI: http://localhost:1234/v1/posts/1234234
HEADERS: {"Host":["localhost"],"Content-Type":["application\/x-www-form-urlencoded"],"User-Agent":["Insomnia\/2023.5.6"],"Accept":["*\/*"],"Content-Length":["29"]}
BODY: file_name_to_be_uploaded=test


URI: http://localhost:1234/v1/posts/fill-with-fake-data
HEADERS: {"Host":["localhost"],"Content-Type":["application\/x-www-form-urlencoded"],"User-Agent":["Insomnia\/2023.5.6"],"Accept":["*\/*"],"Content-Length":["29"]}
BODY: file_name_to_be_uploaded=test


URI: http://localhost:1234/v1/posts/fill-with-fake-data
HEADERS: {"Host":["localhost"],"Content-Type":["application\/x-www-form-urlencoded"],"User-Agent":["Insomnia\/2023.5.6"],"Accept":["*\/*"],"Content-Length":["29"]}
BODY: file_name_to_be_uploaded=test


URI: http://localhost:1234/v1/posts/fill-with-fake-data
HEADERS: {"Host":["localhost"],"Content-Type":["application\/x-www-form-urlencoded"],"User-Agent":["Insomnia\/2023.5.6"],"Accept":["*\/*"],"Content-Length":["29"]}
BODY: file_name_to_be_uploaded=test


URI: http://localhost:1234/v1/posts/fill-with-fake-data
HEADERS: {"Host":["localhost"],"Content-Type":["application\/x-www-form-urlencoded"],"User-Agent":["Insomnia\/2023.5.6"],"Accept":["*\/*"],"Content-Length":["29"]}
BODY: file_name_to_be_uploaded=test


URI: http://localhost:1234/v1/posts/fill-with-fake-data
HEADERS: {"Host":["localhost"],"Connection":["keep-alive"],"sec-ch-ua":["\"Chromium\";v=\"116\", \"Not)A;Brand\";v=\"24\", \"Google Chrome\";v=\"116\""],"sec-ch-ua-mobile":["?0"],"sec-ch-ua-platform":["\"Windows\""],"Upgrade-Insecure-Requests":["1"],"User-Agent":["Mozilla\/5.0 (Windows NT 10.0; Win64; x64) AppleWebKit\/537.36 (KHTML, like Gecko) Chrome\/116.0.0.0 Safari\/537.36"],"Accept":["text\/html,application\/xhtml+xml,application\/xml;q=0.9,image\/avif,image\/webp,image\/apng,*\/*;q=0.8,application\/signed-exchange;v=b3;q=0.7"],"Sec-Fetch-Site":["none"],"Sec-Fetch-Mode":["navigate"],"Sec-Fetch-User":["?1"],"Sec-Fetch-Dest":["document"],"Accept-Language":["en-GB,en-US;q=0.9,en;q=0.8"],"Cookie":["Phpstorm-ec898ba=f2d9212e-e4ce-4fb5-a7d7-0df5499b9088"],"Accept-Encoding":["gzip, deflate"]}
BODY: 


URI: http://localhost:1234/v1/posts/fill-with-fake-data
HEADERS: {"Host":["localhost"],"Connection":["keep-alive"],"sec-ch-ua":["\"Chromium\";v=\"116\", \"Not)A;Brand\";v=\"24\", \"Google Chrome\";v=\"116\""],"sec-ch-ua-mobile":["?0"],"sec-ch-ua-platform":["\"Windows\""],"Upgrade-Insecure-Requests":["1"],"User-Agent":["Mozilla\/5.0 (Windows NT 10.0; Win64; x64) AppleWebKit\/537.36 (KHTML, like Gecko) Chrome\/116.0.0.0 Safari\/537.36"],"Accept":["text\/html,application\/xhtml+xml,application\/xml;q=0.9,image\/avif,image\/webp,image\/apng,*\/*;q=0.8,application\/signed-exchange;v=b3;q=0.7"],"Sec-Fetch-Site":["none"],"Sec-Fetch-Mode":["navigate"],"Sec-Fetch-User":["?1"],"Sec-Fetch-Dest":["document"],"Accept-Language":["en-GB,en-US;q=0.9,en;q=0.8"],"Cookie":["Phpstorm-ec898ba=f2d9212e-e4ce-4fb5-a7d7-0df5499b9088"],"Accept-Encoding":["gzip, deflate"]}
BODY: 


URI: http://localhost:1234/v1/posts/fill-with-fake-data
HEADERS: {"Host":["localhost"],"Connection":["keep-alive"],"Cache-Control":["max-age=0"],"sec-ch-ua":["\"Chromium\";v=\"116\", \"Not)A;Brand\";v=\"24\", \"Google Chrome\";v=\"116\""],"sec-ch-ua-mobile":["?0"],"sec-ch-ua-platform":["\"Windows\""],"Upgrade-Insecure-Requests":["1"],"User-Agent":["Mozilla\/5.0 (Windows NT 10.0; Win64; x64) AppleWebKit\/537.36 (KHTML, like Gecko) Chrome\/116.0.0.0 Safari\/537.36"],"Accept":["text\/html,application\/xhtml+xml,application\/xml;q=0.9,image\/avif,image\/webp,image\/apng,*\/*;q=0.8,application\/signed-exchange;v=b3;q=0.7"],"Sec-Fetch-Site":["none"],"Sec-Fetch-Mode":["navigate"],"Sec-Fetch-User":["?1"],"Sec-Fetch-Dest":["document"],"Accept-Language":["en-GB,en-US;q=0.9,en;q=0.8"],"Cookie":["Phpstorm-ec898ba=f2d9212e-e4ce-4fb5-a7d7-0df5499b9088"],"Accept-Encoding":["gzip, deflate"]}
BODY: 


URI: http://localhost:1234/v1/posts/fill-with-fake-data
HEADERS: {"Host":["localhost"],"Connection":["keep-alive"],"Cache-Control":["max-age=0"],"sec-ch-ua":["\"Chromium\";v=\"116\", \"Not)A;Brand\";v=\"24\", \"Google Chrome\";v=\"116\""],"sec-ch-ua-mobile":["?0"],"sec-ch-ua-platform":["\"Windows\""],"Upgrade-Insecure-Requests":["1"],"User-Agent":["Mozilla\/5.0 (Windows NT 10.0; Win64; x64) AppleWebKit\/537.36 (KHTML, like Gecko) Chrome\/116.0.0.0 Safari\/537.36"],"Accept":["text\/html,application\/xhtml+xml,application\/xml;q=0.9,image\/avif,image\/webp,image\/apng,*\/*;q=0.8,application\/signed-exchange;v=b3;q=0.7"],"Sec-Fetch-Site":["none"],"Sec-Fetch-Mode":["navigate"],"Sec-Fetch-User":["?1"],"Sec-Fetch-Dest":["document"],"Accept-Language":["en-GB,en-US;q=0.9,en;q=0.8"],"Cookie":["Phpstorm-ec898ba=f2d9212e-e4ce-4fb5-a7d7-0df5499b9088"],"Accept-Encoding":["gzip, deflate"]}
BODY: 


URI: http://localhost:1234/v1/posts/fill-with-fake-data
HEADERS: {"Host":["localhost"],"Connection":["keep-alive"],"Cache-Control":["max-age=0"],"sec-ch-ua":["\"Chromium\";v=\"116\", \"Not)A;Brand\";v=\"24\", \"Google Chrome\";v=\"116\""],"sec-ch-ua-mobile":["?0"],"sec-ch-ua-platform":["\"Windows\""],"Upgrade-Insecure-Requests":["1"],"User-Agent":["Mozilla\/5.0 (Windows NT 10.0; Win64; x64) AppleWebKit\/537.36 (KHTML, like Gecko) Chrome\/116.0.0.0 Safari\/537.36"],"Accept":["text\/html,application\/xhtml+xml,application\/xml;q=0.9,image\/avif,image\/webp,image\/apng,*\/*;q=0.8,application\/signed-exchange;v=b3;q=0.7"],"Sec-Fetch-Site":["none"],"Sec-Fetch-Mode":["navigate"],"Sec-Fetch-User":["?1"],"Sec-Fetch-Dest":["document"],"Accept-Language":["en-GB,en-US;q=0.9,en;q=0.8"],"Cookie":["Phpstorm-ec898ba=f2d9212e-e4ce-4fb5-a7d7-0df5499b9088"],"Accept-Encoding":["gzip, deflate"]}
BODY: 


URI: http://localhost:1234/v1/posts/fill-with-fake-data
HEADERS: {"Host":["localhost"],"Connection":["keep-alive"],"Cache-Control":["max-age=0"],"sec-ch-ua":["\"Chromium\";v=\"116\", \"Not)A;Brand\";v=\"24\", \"Google Chrome\";v=\"116\""],"sec-ch-ua-mobile":["?0"],"sec-ch-ua-platform":["\"Windows\""],"Upgrade-Insecure-Requests":["1"],"User-Agent":["Mozilla\/5.0 (Windows NT 10.0; Win64; x64) AppleWebKit\/537.36 (KHTML, like Gecko) Chrome\/116.0.0.0 Safari\/537.36"],"Accept":["text\/html,application\/xhtml+xml,application\/xml;q=0.9,image\/avif,image\/webp,image\/apng,*\/*;q=0.8,application\/signed-exchange;v=b3;q=0.7"],"Sec-Fetch-Site":["none"],"Sec-Fetch-Mode":["navigate"],"Sec-Fetch-User":["?1"],"Sec-Fetch-Dest":["document"],"Accept-Language":["en-GB,en-US;q=0.9,en;q=0.8"],"Cookie":["Phpstorm-ec898ba=f2d9212e-e4ce-4fb5-a7d7-0df5499b9088"],"Accept-Encoding":["gzip, deflate"]}
BODY: 


URI: http://localhost:1234/v1/posts/fill-with-fake-data
HEADERS: {"Host":["localhost"],"Connection":["keep-alive"],"Cache-Control":["max-age=0"],"sec-ch-ua":["\"Chromium\";v=\"116\", \"Not)A;Brand\";v=\"24\", \"Google Chrome\";v=\"116\""],"sec-ch-ua-mobile":["?0"],"sec-ch-ua-platform":["\"Windows\""],"Upgrade-Insecure-Requests":["1"],"User-Agent":["Mozilla\/5.0 (Windows NT 10.0; Win64; x64) AppleWebKit\/537.36 (KHTML, like Gecko) Chrome\/116.0.0.0 Safari\/537.36"],"Accept":["text\/html,application\/xhtml+xml,application\/xml;q=0.9,image\/avif,image\/webp,image\/apng,*\/*;q=0.8,application\/signed-exchange;v=b3;q=0.7"],"Sec-Fetch-Site":["none"],"Sec-Fetch-Mode":["navigate"],"Sec-Fetch-User":["?1"],"Sec-Fetch-Dest":["document"],"Accept-Language":["en-GB,en-US;q=0.9,en;q=0.8"],"Cookie":["Phpstorm-ec898ba=f2d9212e-e4ce-4fb5-a7d7-0df5499b9088"],"Accept-Encoding":["gzip, deflate"]}
BODY: 


URI: http://localhost:1234/v1/posts/fill-with-fake-data
HEADERS: {"Host":["localhost"],"Connection":["keep-alive"],"Cache-Control":["max-age=0"],"sec-ch-ua":["\"Chromium\";v=\"116\", \"Not)A;Brand\";v=\"24\", \"Google Chrome\";v=\"116\""],"sec-ch-ua-mobile":["?0"],"sec-ch-ua-platform":["\"Windows\""],"Upgrade-Insecure-Requests":["1"],"User-Agent":["Mozilla\/5.0 (Windows NT 10.0; Win64; x64) AppleWebKit\/537.36 (KHTML, like Gecko) Chrome\/116.0.0.0 Safari\/537.36"],"Accept":["text\/html,application\/xhtml+xml,application\/xml;q=0.9,image\/avif,image\/webp,image\/apng,*\/*;q=0.8,application\/signed-exchange;v=b3;q=0.7"],"Sec-Fetch-Site":["none"],"Sec-Fetch-Mode":["navigate"],"Sec-Fetch-User":["?1"],"Sec-Fetch-Dest":["document"],"Accept-Language":["en-GB,en-US;q=0.9,en;q=0.8"],"Cookie":["Phpstorm-ec898ba=f2d9212e-e4ce-4fb5-a7d7-0df5499b9088"],"Accept-Encoding":["gzip, deflate"]}
BODY: 


URI: http://localhost:1234/v1/posts
HEADERS: {"Host":["localhost"],"Connection":["keep-alive"],"Cache-Control":["max-age=0"],"sec-ch-ua":["\"Chromium\";v=\"116\", \"Not)A;Brand\";v=\"24\", \"Google Chrome\";v=\"116\""],"sec-ch-ua-mobile":["?0"],"sec-ch-ua-platform":["\"Windows\""],"Upgrade-Insecure-Requests":["1"],"User-Agent":["Mozilla\/5.0 (Windows NT 10.0; Win64; x64) AppleWebKit\/537.36 (KHTML, like Gecko) Chrome\/116.0.0.0 Safari\/537.36"],"Accept":["text\/html,application\/xhtml+xml,application\/xml;q=0.9,image\/avif,image\/webp,image\/apng,*\/*;q=0.8,application\/signed-exchange;v=b3;q=0.7"],"Sec-Fetch-Site":["none"],"Sec-Fetch-Mode":["navigate"],"Sec-Fetch-User":["?1"],"Sec-Fetch-Dest":["document"],"Accept-Language":["en-GB,en-US;q=0.9,en;q=0.8"],"Cookie":["Phpstorm-ec898ba=f2d9212e-e4ce-4fb5-a7d7-0df5499b9088"],"Accept-Encoding":["gzip, deflate"]}
BODY: 


URI: http://localhost:1234/v1/posts
HEADERS: {"Host":["localhost"],"Connection":["keep-alive"],"Cache-Control":["max-age=0"],"sec-ch-ua":["\"Chromium\";v=\"116\", \"Not)A;Brand\";v=\"24\", \"Google Chrome\";v=\"116\""],"sec-ch-ua-mobile":["?0"],"sec-ch-ua-platform":["\"Windows\""],"Upgrade-Insecure-Requests":["1"],"User-Agent":["Mozilla\/5.0 (Windows NT 10.0; Win64; x64) AppleWebKit\/537.36 (KHTML, like Gecko) Chrome\/116.0.0.0 Safari\/537.36"],"Accept":["text\/html,application\/xhtml+xml,application\/xml;q=0.9,image\/avif,image\/webp,image\/apng,*\/*;q=0.8,application\/signed-exchange;v=b3;q=0.7"],"Sec-Fetch-Site":["none"],"Sec-Fetch-Mode":["navigate"],"Sec-Fetch-User":["?1"],"Sec-Fetch-Dest":["document"],"Accept-Language":["en-GB,en-US;q=0.9,en;q=0.8"],"Cookie":["Phpstorm-ec898ba=f2d9212e-e4ce-4fb5-a7d7-0df5499b9088"],"Accept-Encoding":["gzip, deflate"]}
BODY: 


URI: http://localhost:1234/v1/posts
HEADERS: {"Host":["localhost"],"Connection":["keep-alive"],"Cache-Control":["max-age=0"],"sec-ch-ua":["\"Chromium\";v=\"116\", \"Not)A;Brand\";v=\"24\", \"Google Chrome\";v=\"116\""],"sec-ch-ua-mobile":["?0"],"sec-ch-ua-platform":["\"Windows\""],"Upgrade-Insecure-Requests":["1"],"User-Agent":["Mozilla\/5.0 (Windows NT 10.0; Win64; x64) AppleWebKit\/537.36 (KHTML, like Gecko) Chrome\/116.0.0.0 Safari\/537.36"],"Accept":["text\/html,application\/xhtml+xml,application\/xml;q=0.9,image\/avif,image\/webp,image\/apng,*\/*;q=0.8,application\/signed-exchange;v=b3;q=0.7"],"Sec-Fetch-Site":["none"],"Sec-Fetch-Mode":["navigate"],"Sec-Fetch-User":["?1"],"Sec-Fetch-Dest":["document"],"Accept-Language":["en-GB,en-US;q=0.9,en;q=0.8"],"Cookie":["Phpstorm-ec898ba=f2d9212e-e4ce-4fb5-a7d7-0df5499b9088"],"Accept-Encoding":["gzip, deflate"]}
BODY: 


URI: http://localhost:1234/v1/posts
HEADERS: {"Host":["localhost"],"Connection":["keep-alive"],"Cache-Control":["max-age=0"],"sec-ch-ua":["\"Chromium\";v=\"116\", \"Not)A;Brand\";v=\"24\", \"Google Chrome\";v=\"116\""],"sec-ch-ua-mobile":["?0"],"sec-ch-ua-platform":["\"Windows\""],"Upgrade-Insecure-Requests":["1"],"User-Agent":["Mozilla\/5.0 (Windows NT 10.0; Win64; x64) AppleWebKit\/537.36 (KHTML, like Gecko) Chrome\/116.0.0.0 Safari\/537.36"],"Accept":["text\/html,application\/xhtml+xml,application\/xml;q=0.9,image\/avif,image\/webp,image\/apng,*\/*;q=0.8,application\/signed-exchange;v=b3;q=0.7"],"Sec-Fetch-Site":["none"],"Sec-Fetch-Mode":["navigate"],"Sec-Fetch-User":["?1"],"Sec-Fetch-Dest":["document"],"Accept-Language":["en-GB,en-US;q=0.9,en;q=0.8"],"Cookie":["Phpstorm-ec898ba=f2d9212e-e4ce-4fb5-a7d7-0df5499b9088"],"Accept-Encoding":["gzip, deflate"]}
BODY: 


URI: http://localhost:1234/v1/posts
HEADERS: {"Host":["localhost"],"Connection":["keep-alive"],"Cache-Control":["max-age=0"],"sec-ch-ua":["\"Chromium\";v=\"116\", \"Not)A;Brand\";v=\"24\", \"Google Chrome\";v=\"116\""],"sec-ch-ua-mobile":["?0"],"sec-ch-ua-platform":["\"Windows\""],"Upgrade-Insecure-Requests":["1"],"User-Agent":["Mozilla\/5.0 (Windows NT 10.0; Win64; x64) AppleWebKit\/537.36 (KHTML, like Gecko) Chrome\/116.0.0.0 Safari\/537.36"],"Accept":["text\/html,application\/xhtml+xml,application\/xml;q=0.9,image\/avif,image\/webp,image\/apng,*\/*;q=0.8,application\/signed-exchange;v=b3;q=0.7"],"Sec-Fetch-Site":["none"],"Sec-Fetch-Mode":["navigate"],"Sec-Fetch-User":["?1"],"Sec-Fetch-Dest":["document"],"Accept-Language":["en-GB,en-US;q=0.9,en;q=0.8"],"Cookie":["Phpstorm-ec898ba=f2d9212e-e4ce-4fb5-a7d7-0df5499b9088"],"Accept-Encoding":["gzip, deflate"]}
BODY: 


URI: http://localhost:1234/v1/posts
HEADERS: {"Host":["localhost"],"Connection":["keep-alive"],"Cache-Control":["max-age=0"],"sec-ch-ua":["\"Chromium\";v=\"116\", \"Not)A;Brand\";v=\"24\", \"Google Chrome\";v=\"116\""],"sec-ch-ua-mobile":["?0"],"sec-ch-ua-platform":["\"Windows\""],"Upgrade-Insecure-Requests":["1"],"User-Agent":["Mozilla\/5.0 (Windows NT 10.0; Win64; x64) AppleWebKit\/537.36 (KHTML, like Gecko) Chrome\/116.0.0.0 Safari\/537.36"],"Accept":["text\/html,application\/xhtml+xml,application\/xml;q=0.9,image\/avif,image\/webp,image\/apng,*\/*;q=0.8,application\/signed-exchange;v=b3;q=0.7"],"Sec-Fetch-Site":["none"],"Sec-Fetch-Mode":["navigate"],"Sec-Fetch-User":["?1"],"Sec-Fetch-Dest":["document"],"Accept-Language":["en-GB,en-US;q=0.9,en;q=0.8"],"Cookie":["Phpstorm-ec898ba=f2d9212e-e4ce-4fb5-a7d7-0df5499b9088"],"Accept-Encoding":["gzip, deflate"]}
BODY: 


URI: http://localhost:1234/v1/posts
HEADERS: {"Host":["localhost"],"Connection":["keep-alive"],"Cache-Control":["max-age=0"],"sec-ch-ua":["\"Chromium\";v=\"116\", \"Not)A;Brand\";v=\"24\", \"Google Chrome\";v=\"116\""],"sec-ch-ua-mobile":["?0"],"sec-ch-ua-platform":["\"Windows\""],"Upgrade-Insecure-Requests":["1"],"User-Agent":["Mozilla\/5.0 (Windows NT 10.0; Win64; x64) AppleWebKit\/537.36 (KHTML, like Gecko) Chrome\/116.0.0.0 Safari\/537.36"],"Accept":["text\/html,application\/xhtml+xml,application\/xml;q=0.9,image\/avif,image\/webp,image\/apng,*\/*;q=0.8,application\/signed-exchange;v=b3;q=0.7"],"Sec-Fetch-Site":["none"],"Sec-Fetch-Mode":["navigate"],"Sec-Fetch-User":["?1"],"Sec-Fetch-Dest":["document"],"Accept-Language":["en-GB,en-US;q=0.9,en;q=0.8"],"Cookie":["Phpstorm-ec898ba=f2d9212e-e4ce-4fb5-a7d7-0df5499b9088"],"Accept-Encoding":["gzip, deflate"]}
BODY: 


URI: http://localhost:1234/v1/posts
HEADERS: {"Host":["localhost"],"Content-Type":["application\/x-www-form-urlencoded"],"User-Agent":["Insomnia\/2023.5.6"],"Accept":["*\/*"],"Content-Length":["8"]}
BODY: test=123


URI: http://localhost:1234/v1/posts
HEADERS: {"Host":["localhost"],"Content-Type":["application\/x-www-form-urlencoded"],"User-Agent":["Insomnia\/2023.5.6"],"Accept":["*\/*"],"Content-Length":["126"]}
BODY: authorId=1054&title=testTitle&img=http%3A%2F%2Ftest-url.com%2Fimage.png&content=test+content+to+see+if+POST+request+is+working


URI: http://localhost:1234/v1/posts
HEADERS: {"Host":["localhost"],"Content-Type":["application\/x-www-form-urlencoded"],"User-Agent":["Insomnia\/2023.5.6"],"Accept":["*\/*"],"Content-Length":["126"]}
BODY: authorId=1054&title=testTitle&img=http%3A%2F%2Ftest-url.com%2Fimage.png&content=test+content+to+see+if+POST+request+is+working


URI: http://localhost:1234/v1/posts
HEADERS: {"Host":["localhost"],"Content-Type":["application\/x-www-form-urlencoded"],"User-Agent":["Insomnia\/2023.5.6"],"Accept":["*\/*"],"Content-Length":["126"]}
BODY: authorId=1054&title=testTitle&img=http%3A%2F%2Ftest-url.com%2Fimage.png&content=test+content+to+see+if+POST+request+is+working


URI: http://localhost:1234/v1/posts
HEADERS: {"Host":["localhost"],"Content-Type":["application\/x-www-form-urlencoded"],"User-Agent":["Insomnia\/2023.5.6"],"Accept":["*\/*"],"Content-Length":["126"]}
BODY: authorId=1054&title=testTitle&img=http%3A%2F%2Ftest-url.com%2Fimage.png&content=test+content+to+see+if+POST+request+is+working


URI: http://localhost:1234/v1/posts/104
HEADERS: {"Host":["localhost"],"Content-Type":["application\/x-www-form-urlencoded"],"User-Agent":["Insomnia\/2023.5.6"],"Accept":["*\/*"],"Content-Length":["134"]}
BODY: authorId=1054&title=testTitleAfterPut&img=http%3A%2F%2Ftest-url.com%2Fimage.png&content=test+content+to+see+if+POST+request+is+working


URI: http://localhost:1234/v1/posts/104
HEADERS: {"Host":["localhost"],"Content-Type":["application\/x-www-form-urlencoded"],"User-Agent":["Insomnia\/2023.5.6"],"Accept":["*\/*"],"Content-Length":["134"]}
BODY: authorId=1054&title=testTitleAfterPut&img=http%3A%2F%2Ftest-url.com%2Fimage.png&content=test+content+to+see+if+POST+request+is+working


URI: http://localhost:1234/v1/posts/104
HEADERS: {"Host":["localhost"],"Content-Type":["application\/x-www-form-urlencoded"],"User-Agent":["Insomnia\/2023.5.6"],"Accept":["*\/*"],"Content-Length":["134"]}
BODY: authorId=1054&title=testTitleAfterPut&img=http%3A%2F%2Ftest-url.com%2Fimage.png&content=test+content+to+see+if+POST+request+is+working


URI: http://localhost:1234/v1/posts/104
HEADERS: {"Host":["localhost"],"Content-Type":["application\/x-www-form-urlencoded"],"User-Agent":["Insomnia\/2023.5.6"],"Accept":["*\/*"],"Content-Length":["134"]}
BODY: authorId=1054&title=testTitleAfterPut&img=http%3A%2F%2Ftest-url.com%2Fimage.png&content=test+content+to+see+if+POST+request+is+working


URI: http://localhost:1234/v1/posts/104
HEADERS: {"Host":["localhost"],"Content-Type":["application\/x-www-form-urlencoded"],"User-Agent":["Insomnia\/2023.5.6"],"Accept":["*\/*"],"Content-Length":["134"]}
BODY: authorId=1054&title=testTitleAfterPut&img=http%3A%2F%2Ftest-url.com%2Fimage.png&content=test+content+to+see+if+POST+request+is+working


URI: http://localhost:1234/v1/posts/104
HEADERS: {"Host":["localhost"],"Content-Type":["application\/x-www-form-urlencoded"],"User-Agent":["Insomnia\/2023.5.6"],"Accept":["*\/*"],"Content-Length":["134"]}
BODY: authorId=1054&title=testTitleAfterPut&img=http%3A%2F%2Ftest-url.com%2Fimage.png&content=test+content+to+see+if+POST+request+is+working


URI: http://localhost:1234/v1/posts/104
HEADERS: {"Host":["localhost"],"Content-Type":["application\/x-www-form-urlencoded"],"User-Agent":["Insomnia\/2023.5.6"],"Accept":["*\/*"],"Content-Length":["134"]}
BODY: authorId=1054&title=testTitleAfterPut&img=http%3A%2F%2Ftest-url.com%2Fimage.png&content=test+content+to+see+if+POST+request+is+working


URI: http://localhost:1234/v1/posts/104
HEADERS: {"Host":["localhost"],"Content-Type":["application\/x-www-form-urlencoded"],"User-Agent":["Insomnia\/2023.5.6"],"Accept":["*\/*"],"Content-Length":["134"]}
BODY: authorId=1054&title=testTitleAfterPut&img=http%3A%2F%2Ftest-url.com%2Fimage.png&content=test+content+to+see+if+POST+request+is+working


URI: http://localhost:1234/v1/posts/104
HEADERS: {"Host":["localhost"],"Content-Type":["application\/x-www-form-urlencoded"],"User-Agent":["Insomnia\/2023.5.6"],"Accept":["*\/*"],"Content-Length":["134"]}
BODY: authorId=1054&title=testTitleAfterPut&img=http%3A%2F%2Ftest-url.com%2Fimage.png&content=test+content+to+see+if+POST+request+is+working


URI: http://localhost:1234/v1/posts/104
HEADERS: {"Host":["localhost"],"Content-Type":["application\/x-www-form-urlencoded"],"User-Agent":["Insomnia\/2023.5.6"],"Accept":["*\/*"],"Content-Length":["134"]}
BODY: authorId=1054&title=testTitleAfterPut&img=http%3A%2F%2Ftest-url.com%2Fimage.png&content=test+content+to+see+if+POST+request+is+working


URI: http://localhost:1234/v1/posts/104
HEADERS: {"Host":["localhost"],"Content-Type":["application\/x-www-form-urlencoded"],"User-Agent":["Insomnia\/2023.5.6"],"Accept":["*\/*"],"Content-Length":["134"]}
BODY: authorId=1054&title=testTitleAfterPut&img=http%3A%2F%2Ftest-url.com%2Fimage.png&content=test+content+to+see+if+POST+request+is+working


URI: http://localhost:1234/v1/posts/104
HEADERS: {"Host":["localhost"],"Content-Type":["application\/x-www-form-urlencoded"],"User-Agent":["Insomnia\/2023.5.6"],"Accept":["*\/*"],"Content-Length":["134"]}
BODY: authorId=1054&title=testTitleAfterPut&img=http%3A%2F%2Ftest-url.com%2Fimage.png&content=test+content+to+see+if+POST+request+is+working


URI: http://localhost:1234/v1/posts/104
HEADERS: {"Host":["localhost"],"Content-Type":["application\/x-www-form-urlencoded"],"User-Agent":["Insomnia\/2023.5.6"],"Accept":["*\/*"],"Content-Length":["134"]}
BODY: authorId=1054&title=testTitleAfterPut&img=http%3A%2F%2Ftest-url.com%2Fimage.png&content=test+content+to+see+if+POST+request+is+working


URI: http://localhost:1234/v1/posts/104
HEADERS: {"Host":["localhost"],"Content-Type":["application\/x-www-form-urlencoded"],"User-Agent":["Insomnia\/2023.5.6"],"Accept":["*\/*"],"Content-Length":["134"]}
BODY: authorId=1054&title=testTitleAfterPut&img=http%3A%2F%2Ftest-url.com%2Fimage.png&content=test+content+to+see+if+POST+request+is+working


URI: http://localhost:1234/v1/posts/104
HEADERS: {"Host":["localhost"],"Content-Type":["application\/x-www-form-urlencoded"],"User-Agent":["Insomnia\/2023.5.6"],"Accept":["*\/*"],"Content-Length":["134"]}
BODY: authorId=1054&title=testTitleAfterPut&img=http%3A%2F%2Ftest-url.com%2Fimage.png&content=test+content+to+see+if+POST+request+is+working


URI: http://localhost:1234/v1/posts/104
HEADERS: {"Host":["localhost"],"Content-Type":["application\/x-www-form-urlencoded"],"User-Agent":["Insomnia\/2023.5.6"],"Accept":["*\/*"],"Content-Length":["134"]}
BODY: authorId=1054&title=testTitleAfterPut&img=http%3A%2F%2Ftest-url.com%2Fimage.png&content=test+content+to+see+if+POST+request+is+working


URI: http://localhost:1234/v1/posts/104
HEADERS: {"Host":["localhost"],"Content-Type":["application\/x-www-form-urlencoded"],"User-Agent":["Insomnia\/2023.5.6"],"Accept":["*\/*"],"Content-Length":["134"]}
BODY: authorId=1054&title=testTitleAfterPut&img=http%3A%2F%2Ftest-url.com%2Fimage.png&content=test+content+to+see+if+POST+request+is+working


URI: http://localhost:1234/v1/posts/104
HEADERS: {"Host":["localhost"],"Content-Type":["application\/x-www-form-urlencoded"],"User-Agent":["Insomnia\/2023.5.6"],"Accept":["*\/*"],"Content-Length":["134"]}
BODY: authorId=1054&title=testTitleAfterPut&img=http%3A%2F%2Ftest-url.com%2Fimage.png&content=test+content+to+see+if+POST+request+is+working


URI: http://localhost:1234/v1/posts/104
HEADERS: {"Host":["localhost"],"Content-Type":["application\/x-www-form-urlencoded"],"User-Agent":["Insomnia\/2023.5.6"],"Accept":["*\/*"],"Content-Length":["134"]}
BODY: authorId=1054&title=testTitleAfterPut&img=http%3A%2F%2Ftest-url.com%2Fimage.png&content=test+content+to+see+if+POST+request+is+working


URI: http://localhost:1234/v1/posts/104
HEADERS: {"Host":["localhost"],"Content-Type":["application\/x-www-form-urlencoded"],"User-Agent":["Insomnia\/2023.5.6"],"Accept":["*\/*"],"Content-Length":["134"]}
BODY: authorId=1054&title=testTitleAfterPut&img=http%3A%2F%2Ftest-url.com%2Fimage.png&content=test+content+to+see+if+POST+request+is+working


URI: http://localhost:1234/v1/posts/104
HEADERS: {"Host":["localhost"],"Content-Type":["application\/x-www-form-urlencoded"],"User-Agent":["Insomnia\/2023.5.6"],"Accept":["*\/*"],"Content-Length":["134"]}
BODY: authorId=1054&title=testTitleAfterPut&img=http%3A%2F%2Ftest-url.com%2Fimage.png&content=test+content+to+see+if+POST+request+is+working


URI: http://localhost:1234/v1/posts/104
HEADERS: {"Host":["localhost"],"Content-Type":["application\/x-www-form-urlencoded"],"User-Agent":["Insomnia\/2023.5.6"],"Accept":["*\/*"],"Content-Length":["134"]}
BODY: authorId=1054&title=testTitleAfterPut&img=http%3A%2F%2Ftest-url.com%2Fimage.png&content=test+content+to+see+if+POST+request+is+working


